<?xml version="1.0" encoding="UTF-8"?>
<!-- Generated by org.testng.reporters.JUnitReportReporter -->
<testsuite hostname="aishwarya" failures="0" tests="4" name="api.test.UserTests2" time="13.173" errors="0" timestamp="2024-03-30T10:28:47 IST" skipped="0">
  <testcase classname="api.test.UserTests2" name="testPostUser" time="4.689"/>
  <testcase classname="api.test.UserTests2" name="testGetUser" time="1.767"/>
  <testcase classname="api.test.UserTests2" name="testPutUser" time="4.802"/>
  <testcase classname="api.test.UserTests2" name="testDeleteUser" time="1.915"/>
</testsuite> <!-- api.test.UserTests2 -->
