<?xml version="1.0" encoding="UTF-8"?>
<!-- Generated by org.testng.reporters.JUnitReportReporter -->
<testsuite hostname="aishwarya" failures="0" tests="4" name="api.test.UserTests" time="19.645" errors="0" timestamp="2024-03-29T19:32:14 IST" skipped="0">
  <testcase classname="api.test.UserTests" name="testPostUser" time="6.960"/>
  <testcase classname="api.test.UserTests" name="testGetUser" time="2.914"/>
  <testcase classname="api.test.UserTests" name="testPutUser" time="6.548"/>
  <testcase classname="api.test.UserTests" name="testDeleteUser" time="3.223"/>
</testsuite> <!-- api.test.UserTests -->
