<?xml version="1.0" encoding="UTF-8"?>
<!-- Generated by org.testng.reporters.JUnitReportReporter -->
<testsuite hostname="aishwarya" failures="0" tests="4" name="api.test.UserTests2" time="13.176" errors="0" timestamp="2024-03-30T11:01:49 IST" skipped="0">
  <testcase classname="api.test.UserTests2" name="testPostUser" time="4.390"/>
  <testcase classname="api.test.UserTests2" name="testGetUser" time="2.082"/>
  <testcase classname="api.test.UserTests2" name="testPutUser" time="5.035"/>
  <testcase classname="api.test.UserTests2" name="testDeleteUser" time="1.669"/>
</testsuite> <!-- api.test.UserTests2 -->
