<?xml version="1.0" encoding="UTF-8"?>
<!-- Generated by org.testng.reporters.JUnitReportReporter -->
<testsuite hostname="aishwarya" failures="0" tests="9" name="api.test.DataProviderTest" time="20.828" errors="0" timestamp="2024-03-30T10:44:48 IST" skipped="0">
  <testcase classname="api.test.DataProviderTest" name="testPost" time="2.054"/>
  <testcase classname="api.test.DataProviderTest" name="testPost" time="2.479"/>
  <testcase classname="api.test.DataProviderTest" name="testPost" time="4.100"/>
  <testcase classname="api.test.DataProviderTest" name="testGetUser" time="1.812"/>
  <testcase classname="api.test.DataProviderTest" name="testGetUser" time="2.569"/>
  <testcase classname="api.test.DataProviderTest" name="testGetUser" time="1.879"/>
  <testcase classname="api.test.DataProviderTest" name="testDeleteByName" time="1.587"/>
  <testcase classname="api.test.DataProviderTest" name="testDeleteByName" time="1.784"/>
  <testcase classname="api.test.DataProviderTest" name="testDeleteByName" time="2.564"/>
</testsuite> <!-- api.test.DataProviderTest -->
