<?xml version="1.0" encoding="UTF-8"?>
<!-- Generated by org.testng.reporters.JUnitReportReporter -->
<testsuite hostname="aishwarya" failures="0" tests="4" name="api.test.UserTests" time="11.805" errors="0" timestamp="2024-03-30T10:44:48 IST" skipped="0">
  <testcase classname="api.test.UserTests" name="testPostUser" time="2.278"/>
  <testcase classname="api.test.UserTests" name="testGetUser" time="1.910"/>
  <testcase classname="api.test.UserTests" name="testPutUser" time="5.140"/>
  <testcase classname="api.test.UserTests" name="testDeleteUser" time="2.477"/>
</testsuite> <!-- api.test.UserTests -->
